<?xml version="1.0" encoding="UTF-8"?>
<!-- Generated by org.testng.reporters.JUnitXMLReporter -->
<testsuite hostname="pooja" ignored="0" name="chromeTest" tests="2" failures="1" timestamp="21 Mar 2019 03:22:56 GMT" time="184.019" errors="0">
  <testcase name="loginscript" time="32.817" classname="Script.LoginScript">
    <failure type="java.lang.AssertionError" message="null">
      <![CDATA[java.lang.AssertionError: null
	at Generic.BasePage.titlewait(BasePage.java:25)
	at Script.LoginScript.loginscript(LoginScript.java:21)
	at java.util.concurrent.FutureTask.run(FutureTask.java:266)
	at java.util.concurrent.ThreadPoolExecutor.runWorker(ThreadPoolExecutor.java:1149)
	at java.util.concurrent.ThreadPoolExecutor$Worker.run(ThreadPoolExecutor.java:624)
	at java.lang.Thread.run(Thread.java:748)
... Removed 18 stack frames]]>
    </failure>
  </testcase> <!-- loginscript -->
  <testcase name="test3" time="18.617" classname="Script.users"/>
</testsuite> <!-- chromeTest -->
