<?xml version="1.0" encoding="UTF-8"?>
<testng-results skipped="0" failed="2" ignored="0" total="4" passed="2">
  <reporter-output>
    <line>
      <![CDATA[title is not matching]]>
    </line>
    <line>
      <![CDATA[title is not matching]]>
    </line>
    <line>
      <![CDATA[title is matching ]]>
    </line>
    <line>
      <![CDATA[element is visible]]>
    </line>
    <line>
      <![CDATA[title is matching ]]>
    </line>
    <line>
      <![CDATA[element is visible]]>
    </line>
  </reporter-output>
  <suite name="Suite" duration-ms="184019" started-at="2019-03-21T03:19:52Z" finished-at="2019-03-21T03:22:56Z">
    <groups>
    </groups>
    <test name="firefoxTest" duration-ms="174595" started-at="2019-03-21T03:19:52Z" finished-at="2019-03-21T03:22:46Z">
      <class name="Script.LoginScript">
        <test-method status="PASS" signature="precondition(java.lang.String)[pri:0, instance:Script.LoginScript@47c62251]" name="precondition" is-config="true" duration-ms="72393" started-at="2019-03-21T08:49:52Z" finished-at="2019-03-21T08:51:04Z">
          <params>
            <param index="0">
              <value>
                <![CDATA[firefox]]>
              </value>
            </param>
          </params>
          <reporter-output>
          </reporter-output>
        </test-method> <!-- precondition -->
        <test-method status="FAIL" signature="loginscript()[pri:0, instance:Script.LoginScript@47c62251]" name="loginscript" duration-ms="15942" started-at="2019-03-21T08:51:04Z" finished-at="2019-03-21T08:51:20Z">
          <exception class="java.lang.AssertionError">
            <message>
              <![CDATA[null]]>
            </message>
            <full-stacktrace>
              <![CDATA[java.lang.AssertionError: null
	at org.testng.Assert.fail(Assert.java:93)
	at org.testng.Assert.fail(Assert.java:100)
	at Generic.BasePage.titlewait(BasePage.java:25)
	at Script.LoginScript.loginscript(LoginScript.java:21)
	at sun.reflect.NativeMethodAccessorImpl.invoke0(Native Method)
	at sun.reflect.NativeMethodAccessorImpl.invoke(NativeMethodAccessorImpl.java:62)
	at sun.reflect.DelegatingMethodAccessorImpl.invoke(DelegatingMethodAccessorImpl.java:43)
	at java.lang.reflect.Method.invoke(Method.java:498)
	at org.testng.internal.MethodInvocationHelper.invokeMethod(MethodInvocationHelper.java:108)
	at org.testng.internal.Invoker.invokeMethod(Invoker.java:661)
	at org.testng.internal.Invoker.invokeTestMethod(Invoker.java:869)
	at org.testng.internal.Invoker.invokeTestMethods(Invoker.java:1193)
	at org.testng.internal.TestMethodWorker.invokeTestMethods(TestMethodWorker.java:126)
	at org.testng.internal.TestMethodWorker.run(TestMethodWorker.java:109)
	at org.testng.TestRunner.privateRun(TestRunner.java:744)
	at org.testng.TestRunner.run(TestRunner.java:602)
	at org.testng.SuiteRunner.runTest(SuiteRunner.java:380)
	at org.testng.SuiteRunner.access$000(SuiteRunner.java:39)
	at org.testng.SuiteRunner$SuiteWorker.run(SuiteRunner.java:414)
	at org.testng.internal.thread.ThreadUtil$1.call(ThreadUtil.java:52)
	at java.util.concurrent.FutureTask.run(FutureTask.java:266)
	at java.util.concurrent.ThreadPoolExecutor.runWorker(ThreadPoolExecutor.java:1149)
	at java.util.concurrent.ThreadPoolExecutor$Worker.run(ThreadPoolExecutor.java:624)
	at java.lang.Thread.run(Thread.java:748)
]]>
            </full-stacktrace>
          </exception> <!-- java.lang.AssertionError -->
          <reporter-output>
            <line>
              <![CDATA[title is not matching]]>
            </line>
          </reporter-output>
        </test-method> <!-- loginscript -->
        <test-method status="PASS" signature="postcondition(org.testng.ITestResult)[pri:0, instance:Script.LoginScript@47c62251]" name="postcondition" is-config="true" duration-ms="1737" started-at="2019-03-21T08:51:20Z" finished-at="2019-03-21T08:51:22Z">
          <params>
            <param index="0">
              <value>
                <![CDATA[[TestResult name=loginscript status=FAILURE method=LoginScript.loginscript()[pri:0, instance:Script.LoginScript@47c62251] output=title is not matching]]]>
              </value>
            </param>
          </params>
          <reporter-output>
          </reporter-output>
        </test-method> <!-- postcondition -->
      </class> <!-- Script.LoginScript -->
      <class name="Script.users">
        <test-method status="PASS" signature="precondition(java.lang.String)[pri:0, instance:Script.users@3e6fa38a]" name="precondition" is-config="true" duration-ms="62953" started-at="2019-03-21T08:51:22Z" finished-at="2019-03-21T08:52:25Z">
          <params>
            <param index="0">
              <value>
                <![CDATA[firefox]]>
              </value>
            </param>
          </params>
          <reporter-output>
          </reporter-output>
        </test-method> <!-- precondition -->
        <test-method status="PASS" signature="test3()[pri:0, instance:Script.users@3e6fa38a]" name="test3" duration-ms="14706" started-at="2019-03-21T08:52:25Z" finished-at="2019-03-21T08:52:39Z">
          <reporter-output>
            <line>
              <![CDATA[title is matching ]]>
            </line>
            <line>
              <![CDATA[element is visible]]>
            </line>
          </reporter-output>
        </test-method> <!-- test3 -->
        <test-method status="PASS" signature="postcondition(org.testng.ITestResult)[pri:0, instance:Script.users@3e6fa38a]" name="postcondition" is-config="true" duration-ms="6830" started-at="2019-03-21T08:52:39Z" finished-at="2019-03-21T08:52:46Z">
          <params>
            <param index="0">
              <value>
                <![CDATA[[TestResult name=test3 status=SUCCESS method=users.test3()[pri:0, instance:Script.users@3e6fa38a] output=title is matching ]]]>
              </value>
            </param>
          </params>
          <reporter-output>
          </reporter-output>
        </test-method> <!-- postcondition -->
      </class> <!-- Script.users -->
    </test> <!-- firefoxTest -->
    <test name="chromeTest" duration-ms="184019" started-at="2019-03-21T03:19:52Z" finished-at="2019-03-21T03:22:56Z">
      <class name="Script.LoginScript">
        <test-method status="PASS" signature="precondition(java.lang.String)[pri:0, instance:Script.LoginScript@4678c730]" name="precondition" is-config="true" duration-ms="64382" started-at="2019-03-21T08:49:52Z" finished-at="2019-03-21T08:50:56Z">
          <params>
            <param index="0">
              <value>
                <![CDATA[chrome]]>
              </value>
            </param>
          </params>
          <reporter-output>
          </reporter-output>
        </test-method> <!-- precondition -->
        <test-method status="FAIL" signature="loginscript()[pri:0, instance:Script.LoginScript@4678c730]" name="loginscript" duration-ms="32817" started-at="2019-03-21T08:50:56Z" finished-at="2019-03-21T08:51:29Z">
          <exception class="java.lang.AssertionError">
            <message>
              <![CDATA[null]]>
            </message>
            <full-stacktrace>
              <![CDATA[java.lang.AssertionError: null
	at org.testng.Assert.fail(Assert.java:93)
	at org.testng.Assert.fail(Assert.java:100)
	at Generic.BasePage.titlewait(BasePage.java:25)
	at Script.LoginScript.loginscript(LoginScript.java:21)
	at sun.reflect.NativeMethodAccessorImpl.invoke0(Native Method)
	at sun.reflect.NativeMethodAccessorImpl.invoke(NativeMethodAccessorImpl.java:62)
	at sun.reflect.DelegatingMethodAccessorImpl.invoke(DelegatingMethodAccessorImpl.java:43)
	at java.lang.reflect.Method.invoke(Method.java:498)
	at org.testng.internal.MethodInvocationHelper.invokeMethod(MethodInvocationHelper.java:108)
	at org.testng.internal.Invoker.invokeMethod(Invoker.java:661)
	at org.testng.internal.Invoker.invokeTestMethod(Invoker.java:869)
	at org.testng.internal.Invoker.invokeTestMethods(Invoker.java:1193)
	at org.testng.internal.TestMethodWorker.invokeTestMethods(TestMethodWorker.java:126)
	at org.testng.internal.TestMethodWorker.run(TestMethodWorker.java:109)
	at org.testng.TestRunner.privateRun(TestRunner.java:744)
	at org.testng.TestRunner.run(TestRunner.java:602)
	at org.testng.SuiteRunner.runTest(SuiteRunner.java:380)
	at org.testng.SuiteRunner.access$000(SuiteRunner.java:39)
	at org.testng.SuiteRunner$SuiteWorker.run(SuiteRunner.java:414)
	at org.testng.internal.thread.ThreadUtil$1.call(ThreadUtil.java:52)
	at java.util.concurrent.FutureTask.run(FutureTask.java:266)
	at java.util.concurrent.ThreadPoolExecutor.runWorker(ThreadPoolExecutor.java:1149)
	at java.util.concurrent.ThreadPoolExecutor$Worker.run(ThreadPoolExecutor.java:624)
	at java.lang.Thread.run(Thread.java:748)
]]>
            </full-stacktrace>
          </exception> <!-- java.lang.AssertionError -->
          <reporter-output>
            <line>
              <![CDATA[title is not matching]]>
            </line>
          </reporter-output>
        </test-method> <!-- loginscript -->
        <test-method status="PASS" signature="postcondition(org.testng.ITestResult)[pri:0, instance:Script.LoginScript@4678c730]" name="postcondition" is-config="true" duration-ms="3403" started-at="2019-03-21T08:51:29Z" finished-at="2019-03-21T08:51:32Z">
          <params>
            <param index="0">
              <value>
                <![CDATA[[TestResult name=loginscript status=FAILURE method=LoginScript.loginscript()[pri:0, instance:Script.LoginScript@4678c730] output=title is not matching]]]>
              </value>
            </param>
          </params>
          <reporter-output>
          </reporter-output>
        </test-method> <!-- postcondition -->
      </class> <!-- Script.LoginScript -->
      <class name="Script.users">
        <test-method status="PASS" signature="precondition(java.lang.String)[pri:0, instance:Script.users@6767c1fc]" name="precondition" is-config="true" duration-ms="62672" started-at="2019-03-21T08:51:32Z" finished-at="2019-03-21T08:52:35Z">
          <params>
            <param index="0">
              <value>
                <![CDATA[chrome]]>
              </value>
            </param>
          </params>
          <reporter-output>
          </reporter-output>
        </test-method> <!-- precondition -->
        <test-method status="PASS" signature="test3()[pri:0, instance:Script.users@6767c1fc]" name="test3" duration-ms="18617" started-at="2019-03-21T08:52:35Z" finished-at="2019-03-21T08:52:53Z">
          <reporter-output>
            <line>
              <![CDATA[title is matching ]]>
            </line>
            <line>
              <![CDATA[element is visible]]>
            </line>
          </reporter-output>
        </test-method> <!-- test3 -->
        <test-method status="PASS" signature="postcondition(org.testng.ITestResult)[pri:0, instance:Script.users@6767c1fc]" name="postcondition" is-config="true" duration-ms="2084" started-at="2019-03-21T08:52:53Z" finished-at="2019-03-21T08:52:56Z">
          <params>
            <param index="0">
              <value>
                <![CDATA[[TestResult name=test3 status=SUCCESS method=users.test3()[pri:0, instance:Script.users@6767c1fc] output=title is matching ]]]>
              </value>
            </param>
          </params>
          <reporter-output>
          </reporter-output>
        </test-method> <!-- postcondition -->
      </class> <!-- Script.users -->
    </test> <!-- chromeTest -->
  </suite> <!-- Suite -->
</testng-results>
